<?xml version="1.0" encoding="UTF-8"?>
<!-- Generated by org.testng.reporters.JUnitReportReporter -->
<testsuite hostname="DESKTOP-7KFLQI9" failures="0" tests="1" name="Stream.Streamfirst" time="0.043" errors="0" timestamp="2022-02-28T18:14:22 IST" skipped="0">
  <testcase classname="Stream.Streamfirst" name="streamCollect" time="0.043"/>
  <system-out/>
</testsuite> <!-- Stream.Streamfirst -->
