<?xml version="1.0" encoding="UTF-8"?>
<!-- Generated by org.testng.reporters.JUnitReportReporter -->
<testsuite hostname="DESKTOP-7KFLQI9" failures="0" tests="1" name="TestNG.Demo" time="0.016" errors="0" timestamp="2022-03-05T12:25:18 IST" skipped="0">
  <testcase classname="TestNG.Demo" name="demo" time="0.016"/>
  <system-out/>
</testsuite> <!-- TestNG.Demo -->
